[*] Installing Python modules...
[*] Python module 'requests' is already installed.
[*] Python module 'argparse' is already installed.
[+] Installed Python module: whois
[*] Installing Waymore...
[*] Installing Python modules...
[*] Python module 'requests' is already installed.
[*] Python module 'argparse' is already installed.
[*] Python module 'whois' is already installed.
[*] Installing Python modules...
[*] Python module 'requests' is already installed.
[*] Python module 'argparse' is already installed.
[*] Python module 'whois' is already installed.
[*] Installing Python modules...
[*] Python module 'requests' is already installed.
[*] Python module 'argparse' is already installed.
[*] Python module 'whois' is already installed.
[*] Installing Python modules...
[*] Python module 'requests' is already installed.
[*] Python module 'argparse' is already installed.
[*] Python module 'whois' is already installed.
[*] Installing Python modules...
[*] Python module 'requests' is already installed.
[*] Python module 'argparse' is already installed.
[*] Python module 'whois' is already installed.
[*] Installing Python modules...
[*] Python module 'requests' is already installed.
[*] Python module 'argparse' is already installed.
[*] Python module 'whois' is already installed.
[*] Installing Python modules...
[*] Python module 'requests' is already installed.
[*] Python module 'argparse' is already installed.
[*] Python module 'whois' is already installed.
[*] Installing Python modules...
[*] Python module 'requests' is already installed.
[*] Python module 'argparse' is already installed.
[*] Python module 'whois' is already installed.
[*] Installing Python modules...
[*] Python module 'requests' is already installed.
[*] Python module 'argparse' is already installed.
[*] Python module 'whois' is already installed.
[*] Installing Python modules...
[*] Python module 'requests' is already installed.
[*] Python module 'argparse' is already installed.
[*] Python module 'whois' is already installed.
